<?xml version="1.0" encoding="UTF-8"?>
<testsuite name="com.example.metalog.MetalogApplicationTests" tests="1" skipped="0" failures="0" errors="0" timestamp="2024-07-20T18:02:08" hostname="LAPTOP-53EGPBM7" time="1.008">
  <properties/>
  <testcase name="contextLoads()" classname="com.example.metalog.MetalogApplicationTests" time="1.008"/>
  <system-out><![CDATA[03:02:06.244 [Test worker] INFO org.springframework.test.context.support.AnnotationConfigContextLoaderUtils -- Could not detect default configuration classes for test class [com.example.metalog.MetalogApplicationTests]: MetalogApplicationTests does not declare any static, non-private, non-final, nested classes annotated with @Configuration.
03:02:06.341 [Test worker] INFO org.springframework.boot.test.context.SpringBootTestContextBootstrapper -- Found @SpringBootConfiguration com.example.metalog.MetalogApplication for test class com.example.metalog.MetalogApplicationTests

  .   ____          _            __ _ _
 /\\ / ___'_ __ _ _(_)_ __  __ _ \ \ \ \
( ( )\___ | '_ | '_| | '_ \/ _` | \ \ \ \
 \\/  ___)| |_)| | | | | || (_| |  ) ) ) )
  '  |____| .__|_| |_|_| |_\__, | / / / /
 =========|_|==============|___/=/_/_/_/

 :: Spring Boot ::                (v3.3.2)

2024-07-21T03:02:06.842+09:00  INFO 19836 --- [metalog] [    Test worker] c.e.metalog.MetalogApplicationTests      : Starting MetalogApplicationTests using Java 21.0.2 with PID 19836 (started by phr80 in C:\springlion\backend)
2024-07-21T03:02:06.843+09:00  INFO 19836 --- [metalog] [    Test worker] c.e.metalog.MetalogApplicationTests      : No active profile set, falling back to 1 default profile: "default"
2024-07-21T03:02:08.092+09:00  WARN 19836 --- [metalog] [    Test worker] ion$DefaultTemplateResolverConfiguration : Cannot find template location: classpath:/templates/ (please add some templates, check your Thymeleaf configuration, or set spring.thymeleaf.check-template-location=false)
2024-07-21T03:02:08.161+09:00  INFO 19836 --- [metalog] [    Test worker] c.e.metalog.MetalogApplicationTests      : Started MetalogApplicationTests in 1.606 seconds (process running for 2.943)
]]></system-out>
  <system-err><![CDATA[WARNING: A Java agent has been loaded dynamically (C:\likelion\study\gradle\caches\modules-2\files-2.1\net.bytebuddy\byte-buddy-agent\1.14.18\417558ea01fe9f0e8a94af28b9469d281c4e3984\byte-buddy-agent-1.14.18.jar)
WARNING: If a serviceability tool is in use, please run with -XX:+EnableDynamicAgentLoading to hide this warning
WARNING: If a serviceability tool is not in use, please run with -Djdk.instrument.traceUsage for more information
WARNING: Dynamic loading of agents will be disallowed by default in a future release
]]></system-err>
</testsuite>
